   1               		.file	"main.c"
   2               	__SP_H__ = 0x3e
   3               	__SP_L__ = 0x3d
   4               	__SREG__ = 0x3f
   5               	__tmp_reg__ = 0
   6               	__zero_reg__ = 1
   7               		.stabs	"/home/cdm/Desktop/",100,0,2,.Ltext0
   8               		.stabs	"/home/cdm/Desktop/AVR/Timer+Interrupt/main.c",100,0,2,.Ltext0
   9               		.text
  10               	.Ltext0:
  11               		.stabs	"gcc2_compiled.",60,0,0,0
  12               		.stabs	"int:t(0,1)=r(0,1);-32768;32767;",128,0,0,0
  13               		.stabs	"char:t(0,2)=r(0,2);0;127;",128,0,0,0
  14               		.stabs	"long int:t(0,3)=@s32;r(0,3);020000000000;017777777777;",128,0,0,0
  15               		.stabs	"unsigned int:t(0,4)=r(0,4);0;0177777;",128,0,0,0
  16               		.stabs	"long unsigned int:t(0,5)=@s32;r(0,5);0;037777777777;",128,0,0,0
  17               		.stabs	"__int128:t(0,6)=@s128;r(0,6);02000000000000000000000000000000000000000000;0177777777777777
  18               		.stabs	"__int128 unsigned:t(0,7)=@s128;r(0,7);0;03777777777777777777777777777777777777777777;",128
  19               		.stabs	"long long int:t(0,8)=@s64;r(0,8);01000000000000000000000;00777777777777777777777;",128,0,0
  20               		.stabs	"long long unsigned int:t(0,9)=@s64;r(0,9);0;01777777777777777777777;",128,0,0,0
  21               		.stabs	"short int:t(0,10)=r(0,10);-32768;32767;",128,0,0,0
  22               		.stabs	"short unsigned int:t(0,11)=r(0,11);0;0177777;",128,0,0,0
  23               		.stabs	"signed char:t(0,12)=@s8;r(0,12);-128;127;",128,0,0,0
  24               		.stabs	"unsigned char:t(0,13)=@s8;r(0,13);0;255;",128,0,0,0
  25               		.stabs	"float:t(0,14)=r(0,1);4;0;",128,0,0,0
  26               		.stabs	"double:t(0,15)=r(0,1);4;0;",128,0,0,0
  27               		.stabs	"long double:t(0,16)=r(0,1);4;0;",128,0,0,0
  28               		.stabs	"short _Fract:t(0,17)=r(0,1);1;0;",128,0,0,0
  29               		.stabs	"_Fract:t(0,18)=r(0,1);2;0;",128,0,0,0
  30               		.stabs	"long _Fract:t(0,19)=r(0,1);4;0;",128,0,0,0
  31               		.stabs	"long long _Fract:t(0,20)=r(0,1);8;0;",128,0,0,0
  32               		.stabs	"unsigned short _Fract:t(0,21)=r(0,1);1;0;",128,0,0,0
  33               		.stabs	"unsigned _Fract:t(0,22)=r(0,1);2;0;",128,0,0,0
  34               		.stabs	"unsigned long _Fract:t(0,23)=r(0,1);4;0;",128,0,0,0
  35               		.stabs	"unsigned long long _Fract:t(0,24)=r(0,1);8;0;",128,0,0,0
  36               		.stabs	"_Sat short _Fract:t(0,25)=r(0,1);1;0;",128,0,0,0
  37               		.stabs	"_Sat _Fract:t(0,26)=r(0,1);2;0;",128,0,0,0
  38               		.stabs	"_Sat long _Fract:t(0,27)=r(0,1);4;0;",128,0,0,0
  39               		.stabs	"_Sat long long _Fract:t(0,28)=r(0,1);8;0;",128,0,0,0
  40               		.stabs	"_Sat unsigned short _Fract:t(0,29)=r(0,1);1;0;",128,0,0,0
  41               		.stabs	"_Sat unsigned _Fract:t(0,30)=r(0,1);2;0;",128,0,0,0
  42               		.stabs	"_Sat unsigned long _Fract:t(0,31)=r(0,1);4;0;",128,0,0,0
  43               		.stabs	"_Sat unsigned long long _Fract:t(0,32)=r(0,1);8;0;",128,0,0,0
  44               		.stabs	"short _Accum:t(0,33)=r(0,1);2;0;",128,0,0,0
  45               		.stabs	"_Accum:t(0,34)=r(0,1);4;0;",128,0,0,0
  46               		.stabs	"long _Accum:t(0,35)=r(0,1);8;0;",128,0,0,0
  47               		.stabs	"long long _Accum:t(0,36)=r(0,1);8;0;",128,0,0,0
  48               		.stabs	"unsigned short _Accum:t(0,37)=r(0,1);2;0;",128,0,0,0
  49               		.stabs	"unsigned _Accum:t(0,38)=r(0,1);4;0;",128,0,0,0
  50               		.stabs	"unsigned long _Accum:t(0,39)=r(0,1);8;0;",128,0,0,0
  51               		.stabs	"unsigned long long _Accum:t(0,40)=r(0,1);8;0;",128,0,0,0
  52               		.stabs	"_Sat short _Accum:t(0,41)=r(0,1);2;0;",128,0,0,0
  53               		.stabs	"_Sat _Accum:t(0,42)=r(0,1);4;0;",128,0,0,0
  54               		.stabs	"_Sat long _Accum:t(0,43)=r(0,1);8;0;",128,0,0,0
  55               		.stabs	"_Sat long long _Accum:t(0,44)=r(0,1);8;0;",128,0,0,0
  56               		.stabs	"_Sat unsigned short _Accum:t(0,45)=r(0,1);2;0;",128,0,0,0
  57               		.stabs	"_Sat unsigned _Accum:t(0,46)=r(0,1);4;0;",128,0,0,0
  58               		.stabs	"_Sat unsigned long _Accum:t(0,47)=r(0,1);8;0;",128,0,0,0
  59               		.stabs	"_Sat unsigned long long _Accum:t(0,48)=r(0,1);8;0;",128,0,0,0
  60               		.stabs	"void:t(0,49)=(0,49)",128,0,0,0
  61               		.stabs	"/usr/lib/avr/include/avr/io.h",130,0,0,0
  62               		.stabs	"/usr/lib/avr/include/avr/sfr_defs.h",130,0,0,0
  63               		.stabs	"/usr/lib/avr/include/inttypes.h",130,0,0,0
  64               		.stabs	"/usr/lib/gcc/avr/5.4.0/include/stdint.h",130,0,0,0
  65               		.stabs	"/usr/lib/avr/include/stdint.h",130,0,0,0
  66               		.stabs	"int8_t:t(5,1)=(0,12)",128,0,125,0
  67               		.stabs	"uint8_t:t(5,2)=(0,13)",128,0,126,0
  68               		.stabs	"int16_t:t(5,3)=(0,1)",128,0,127,0
  69               		.stabs	"uint16_t:t(5,4)=(0,4)",128,0,128,0
  70               		.stabs	"int32_t:t(5,5)=(0,3)",128,0,129,0
  71               		.stabs	"uint32_t:t(5,6)=(0,5)",128,0,130,0
  72               		.stabs	"int64_t:t(5,7)=(0,8)",128,0,132,0
  73               		.stabs	"uint64_t:t(5,8)=(0,9)",128,0,133,0
  74               		.stabs	"intptr_t:t(5,9)=(5,3)",128,0,146,0
  75               		.stabs	"uintptr_t:t(5,10)=(5,4)",128,0,151,0
  76               		.stabs	"int_least8_t:t(5,11)=(5,1)",128,0,163,0
  77               		.stabs	"uint_least8_t:t(5,12)=(5,2)",128,0,168,0
  78               		.stabs	"int_least16_t:t(5,13)=(5,3)",128,0,173,0
  79               		.stabs	"uint_least16_t:t(5,14)=(5,4)",128,0,178,0
  80               		.stabs	"int_least32_t:t(5,15)=(5,5)",128,0,183,0
  81               		.stabs	"uint_least32_t:t(5,16)=(5,6)",128,0,188,0
  82               		.stabs	"int_least64_t:t(5,17)=(5,7)",128,0,196,0
  83               		.stabs	"uint_least64_t:t(5,18)=(5,8)",128,0,203,0
  84               		.stabs	"int_fast8_t:t(5,19)=(5,1)",128,0,217,0
  85               		.stabs	"uint_fast8_t:t(5,20)=(5,2)",128,0,222,0
  86               		.stabs	"int_fast16_t:t(5,21)=(5,3)",128,0,227,0
  87               		.stabs	"uint_fast16_t:t(5,22)=(5,4)",128,0,232,0
  88               		.stabs	"int_fast32_t:t(5,23)=(5,5)",128,0,237,0
  89               		.stabs	"uint_fast32_t:t(5,24)=(5,6)",128,0,242,0
  90               		.stabs	"int_fast64_t:t(5,25)=(5,7)",128,0,250,0
  91               		.stabs	"uint_fast64_t:t(5,26)=(5,8)",128,0,257,0
  92               		.stabs	"intmax_t:t(5,27)=(5,7)",128,0,277,0
  93               		.stabs	"uintmax_t:t(5,28)=(5,8)",128,0,282,0
  94               		.stabn	162,0,0,0
  95               		.stabn	162,0,0,0
  96               		.stabs	"int_farptr_t:t(3,1)=(5,5)",128,0,77,0
  97               		.stabs	"uint_farptr_t:t(3,2)=(5,6)",128,0,81,0
  98               		.stabn	162,0,0,0
  99               		.stabn	162,0,0,0
 100               		.stabs	"/usr/lib/avr/include/avr/fuse.h",130,0,0,0
 101               		.stabs	"__fuse_t:t(6,1)=(6,2)=s3low:(0,13),0,8;high:(0,13),8,8;extended:(0,13),16,8;;",128,0,244,0
 102               		.stabn	162,0,0,0
 103               		.stabn	162,0,0,0
 104               		.stabs	"setup:F(0,49)",36,0,18,setup
 105               	.global	setup
 106               		.type	setup, @function
 107               	setup:
 108               		.stabd	46,0,0
   1:/home/cdm/Desktop/AVR/Timer+Interrupt/main.c **** #ifndef F_CPU
   2:/home/cdm/Desktop/AVR/Timer+Interrupt/main.c **** #define F_CPU 16000000UL
   3:/home/cdm/Desktop/AVR/Timer+Interrupt/main.c **** #endif
   4:/home/cdm/Desktop/AVR/Timer+Interrupt/main.c **** 
   5:/home/cdm/Desktop/AVR/Timer+Interrupt/main.c **** #include <avr/io.h>
   6:/home/cdm/Desktop/AVR/Timer+Interrupt/main.c **** #include <util/delay.h>
   7:/home/cdm/Desktop/AVR/Timer+Interrupt/main.c **** #include <avr/interrupt.h>
   8:/home/cdm/Desktop/AVR/Timer+Interrupt/main.c **** 
   9:/home/cdm/Desktop/AVR/Timer+Interrupt/main.c **** #define BTN 0x01
  10:/home/cdm/Desktop/AVR/Timer+Interrupt/main.c **** #define RED 0x02
  11:/home/cdm/Desktop/AVR/Timer+Interrupt/main.c **** #define LED 0x20
  12:/home/cdm/Desktop/AVR/Timer+Interrupt/main.c **** #define input_value PINB
  13:/home/cdm/Desktop/AVR/Timer+Interrupt/main.c **** 
  14:/home/cdm/Desktop/AVR/Timer+Interrupt/main.c **** // volatile ì§€ì • ì‹œ ì»´íŒŒì¼ëŸ¬ê°€ ìµœì í™”ë¥¼ í•  ë•Œ ë¬´ì‹œí•˜ì§€ ì•ŠìŒ.
  15:/home/cdm/Desktop/AVR/Timer+Interrupt/main.c **** volatile unsigned char Switch_flag = 0;
  16:/home/cdm/Desktop/AVR/Timer+Interrupt/main.c **** volatile unsigned char Timer_flag = 0;
  17:/home/cdm/Desktop/AVR/Timer+Interrupt/main.c **** 
  18:/home/cdm/Desktop/AVR/Timer+Interrupt/main.c **** void setup() {
 109               		.stabn	68,0,18,.LM0-.LFBB1
 110               	.LM0:
 111               	.LFBB1:
 112               	/* prologue: function */
 113               	/* frame size = 0 */
 114               	/* stack size = 0 */
 115               	.L__stack_usage = 0
  19:/home/cdm/Desktop/AVR/Timer+Interrupt/main.c ****     DDRB = 0xFF;
 116               		.stabn	68,0,19,.LM1-.LFBB1
 117               	.LM1:
 118 0000 8FEF      		ldi r24,lo8(-1)
 119 0002 84B9      		out 0x4,r24
  20:/home/cdm/Desktop/AVR/Timer+Interrupt/main.c ****     PORTB = 0xFF;
 120               		.stabn	68,0,20,.LM2-.LFBB1
 121               	.LM2:
 122 0004 85B9      		out 0x5,r24
  21:/home/cdm/Desktop/AVR/Timer+Interrupt/main.c **** 
  22:/home/cdm/Desktop/AVR/Timer+Interrupt/main.c ****     DDRD = 0x04;
 123               		.stabn	68,0,22,.LM3-.LFBB1
 124               	.LM3:
 125 0006 84E0      		ldi r24,lo8(4)
 126 0008 8AB9      		out 0xa,r24
 127 000a 0895      		ret
 128               		.size	setup, .-setup
 129               	.Lscope1:
 130               		.stabs	"",36,0,0,.Lscope1-.LFBB1
 131               		.stabd	78,0,0
 132               		.stabs	"Timer1_init:F(0,49)",36,0,25,Timer1_init
 133               	.global	Timer1_init
 134               		.type	Timer1_init, @function
 135               	Timer1_init:
 136               		.stabd	46,0,0
  23:/home/cdm/Desktop/AVR/Timer+Interrupt/main.c **** }
  24:/home/cdm/Desktop/AVR/Timer+Interrupt/main.c **** 
  25:/home/cdm/Desktop/AVR/Timer+Interrupt/main.c **** void Timer1_init() {
 137               		.stabn	68,0,25,.LM4-.LFBB2
 138               	.LM4:
 139               	.LFBB2:
 140               	/* prologue: function */
 141               	/* frame size = 0 */
 142               	/* stack size = 0 */
 143               	.L__stack_usage = 0
  26:/home/cdm/Desktop/AVR/Timer+Interrupt/main.c ****     TCCR1A = 0x00;        // WGM11, WGM10 -> 0
 144               		.stabn	68,0,26,.LM5-.LFBB2
 145               	.LM5:
 146 000c 1092 8000 		sts 128,__zero_reg__
  27:/home/cdm/Desktop/AVR/Timer+Interrupt/main.c ****     TCCR1B = (1 << WGM12) | (1<<CS12)|(1 << CS11) | (1 << CS10);  // WGM13, WGM12 -> 0100 (CTC ëª¨ë
 147               		.stabn	68,0,27,.LM6-.LFBB2
 148               	.LM6:
 149 0010 8FE0      		ldi r24,lo8(15)
 150 0012 8093 8100 		sts 129,r24
  28:/home/cdm/Desktop/AVR/Timer+Interrupt/main.c ****     OCR1A = 0x3D09;        // 0x3D08 = 15624 (1ì´ˆ), 16MHz / 1024 / 15624 = ì•½ 1Hz
 151               		.stabn	68,0,28,.LM7-.LFBB2
 152               	.LM7:
 153 0016 89E0      		ldi r24,lo8(9)
 154 0018 9DE3      		ldi r25,lo8(61)
 155 001a 9093 8900 		sts 136+1,r25
 156 001e 8093 8800 		sts 136,r24
  29:/home/cdm/Desktop/AVR/Timer+Interrupt/main.c ****     TIMSK1 = (1 << OCIE1A);      // Timer 1 Output Compare A Interrupt Enable
 157               		.stabn	68,0,29,.LM8-.LFBB2
 158               	.LM8:
 159 0022 82E0      		ldi r24,lo8(2)
 160 0024 8093 6F00 		sts 111,r24
 161 0028 0895      		ret
 162               		.size	Timer1_init, .-Timer1_init
 163               	.Lscope2:
 164               		.stabs	"",36,0,0,.Lscope2-.LFBB2
 165               		.stabd	78,0,0
 166               		.stabs	"EXTINT_init:F(0,49)",36,0,32,EXTINT_init
 167               	.global	EXTINT_init
 168               		.type	EXTINT_init, @function
 169               	EXTINT_init:
 170               		.stabd	46,0,0
  30:/home/cdm/Desktop/AVR/Timer+Interrupt/main.c **** }
  31:/home/cdm/Desktop/AVR/Timer+Interrupt/main.c **** 
  32:/home/cdm/Desktop/AVR/Timer+Interrupt/main.c **** void EXTINT_init() {     // External interrupt ì´ˆê¸°í™”
 171               		.stabn	68,0,32,.LM9-.LFBB3
 172               	.LM9:
 173               	.LFBB3:
 174               	/* prologue: function */
 175               	/* frame size = 0 */
 176               	/* stack size = 0 */
 177               	.L__stack_usage = 0
  33:/home/cdm/Desktop/AVR/Timer+Interrupt/main.c ****     EIMSK = 0x01;   // INTF0 í—ˆìš©
 178               		.stabn	68,0,33,.LM10-.LFBB3
 179               	.LM10:
 180 002a 81E0      		ldi r24,lo8(1)
 181 002c 8DBB      		out 0x1d,r24
  34:/home/cdm/Desktop/AVR/Timer+Interrupt/main.c ****     EICRA = 0x02;   // falling edge ì¼ ë•Œ interrupt ë°œìƒ
 182               		.stabn	68,0,34,.LM11-.LFBB3
 183               	.LM11:
 184 002e 82E0      		ldi r24,lo8(2)
 185 0030 8093 6900 		sts 105,r24
 186 0034 0895      		ret
 187               		.size	EXTINT_init, .-EXTINT_init
 188               	.Lscope3:
 189               		.stabs	"",36,0,0,.Lscope3-.LFBB3
 190               		.stabd	78,0,0
 191               		.stabs	"__vector_1:F(0,49)",36,0,37,__vector_1
 192               	.global	__vector_1
 193               		.type	__vector_1, @function
 194               	__vector_1:
 195               		.stabd	46,0,0
  35:/home/cdm/Desktop/AVR/Timer+Interrupt/main.c **** }
  36:/home/cdm/Desktop/AVR/Timer+Interrupt/main.c **** 
  37:/home/cdm/Desktop/AVR/Timer+Interrupt/main.c **** ISR(INT0_vect) {        // INT0ì´ falling edgeì¼ ë•Œ ì¸í„°ëŸ½íŠ¸ ë°œìƒ
 196               		.stabn	68,0,37,.LM12-.LFBB4
 197               	.LM12:
 198               	.LFBB4:
 199 0036 1F92      		push r1
 200 0038 0F92      		push r0
 201 003a 0FB6      		in r0,__SREG__
 202 003c 0F92      		push r0
 203 003e 1124      		clr __zero_reg__
 204 0040 8F93      		push r24
 205               	/* prologue: Signal */
 206               	/* frame size = 0 */
 207               	/* stack size = 4 */
 208               	.L__stack_usage = 4
  38:/home/cdm/Desktop/AVR/Timer+Interrupt/main.c ****     Switch_flag = 1;
 209               		.stabn	68,0,38,.LM13-.LFBB4
 210               	.LM13:
 211 0042 81E0      		ldi r24,lo8(1)
 212 0044 8093 0000 		sts Switch_flag,r24
 213               	/* epilogue start */
  39:/home/cdm/Desktop/AVR/Timer+Interrupt/main.c **** }
 214               		.stabn	68,0,39,.LM14-.LFBB4
 215               	.LM14:
 216 0048 8F91      		pop r24
 217 004a 0F90      		pop r0
 218 004c 0FBE      		out __SREG__,r0
 219 004e 0F90      		pop r0
 220 0050 1F90      		pop r1
 221 0052 1895      		reti
 222               		.size	__vector_1, .-__vector_1
 223               	.Lscope4:
 224               		.stabs	"",36,0,0,.Lscope4-.LFBB4
 225               		.stabd	78,0,0
 226               		.stabs	"__vector_11:F(0,49)",36,0,41,__vector_11
 227               	.global	__vector_11
 228               		.type	__vector_11, @function
 229               	__vector_11:
 230               		.stabd	46,0,0
  40:/home/cdm/Desktop/AVR/Timer+Interrupt/main.c **** 
  41:/home/cdm/Desktop/AVR/Timer+Interrupt/main.c **** ISR(TIMER1_COMPA_vect){
 231               		.stabn	68,0,41,.LM15-.LFBB5
 232               	.LM15:
 233               	.LFBB5:
 234 0054 1F92      		push r1
 235 0056 0F92      		push r0
 236 0058 0FB6      		in r0,__SREG__
 237 005a 0F92      		push r0
 238 005c 1124      		clr __zero_reg__
 239 005e 8F93      		push r24
 240               	/* prologue: Signal */
 241               	/* frame size = 0 */
 242               	/* stack size = 4 */
 243               	.L__stack_usage = 4
  42:/home/cdm/Desktop/AVR/Timer+Interrupt/main.c ****     Timer_flag = 1;
 244               		.stabn	68,0,42,.LM16-.LFBB5
 245               	.LM16:
 246 0060 81E0      		ldi r24,lo8(1)
 247 0062 8093 0000 		sts Timer_flag,r24
 248               	/* epilogue start */
  43:/home/cdm/Desktop/AVR/Timer+Interrupt/main.c **** }
 249               		.stabn	68,0,43,.LM17-.LFBB5
 250               	.LM17:
 251 0066 8F91      		pop r24
 252 0068 0F90      		pop r0
 253 006a 0FBE      		out __SREG__,r0
 254 006c 0F90      		pop r0
 255 006e 1F90      		pop r1
 256 0070 1895      		reti
 257               		.size	__vector_11, .-__vector_11
 258               	.Lscope5:
 259               		.stabs	"",36,0,0,.Lscope5-.LFBB5
 260               		.stabd	78,0,0
 261               		.section	.text.startup,"ax",@progbits
 262               		.stabs	"main:F(0,1)",36,0,46,main
 263               	.global	main
 264               		.type	main, @function
 265               	main:
 266               		.stabd	46,0,0
  44:/home/cdm/Desktop/AVR/Timer+Interrupt/main.c **** 
  45:/home/cdm/Desktop/AVR/Timer+Interrupt/main.c **** 
  46:/home/cdm/Desktop/AVR/Timer+Interrupt/main.c **** int main() {
 267               		.stabn	68,0,46,.LM18-.LFBB6
 268               	.LM18:
 269               	.LFBB6:
 270               	/* prologue: function */
 271               	/* frame size = 0 */
 272               	/* stack size = 0 */
 273               	.L__stack_usage = 0
  47:/home/cdm/Desktop/AVR/Timer+Interrupt/main.c ****     setup();    // PORT ì´ˆê¸°í™”
 274               		.stabn	68,0,47,.LM19-.LFBB6
 275               	.LM19:
 276 0000 0E94 0000 		call setup
  48:/home/cdm/Desktop/AVR/Timer+Interrupt/main.c ****     Timer1_init();      // íƒ€ì´ë¨¸ ì´ˆê¸°í™”
 277               		.stabn	68,0,48,.LM20-.LFBB6
 278               	.LM20:
 279 0004 0E94 0000 		call Timer1_init
  49:/home/cdm/Desktop/AVR/Timer+Interrupt/main.c ****     EXTINT_init();      // ì™¸ë¶€ ì¸í„°ëŸ½íŠ¸ ì´ˆê¸°í™”
 280               		.stabn	68,0,49,.LM21-.LFBB6
 281               	.LM21:
 282 0008 0E94 0000 		call EXTINT_init
  50:/home/cdm/Desktop/AVR/Timer+Interrupt/main.c ****     sei();      // ëª¨ë“  interrupt í—ˆìš©
 283               		.stabn	68,0,50,.LM22-.LFBB6
 284               	.LM22:
 285               	/* #APP */
 286               	 ;  50 "/home/cdm/Desktop/AVR/Timer+Interrupt/main.c" 1
 287 000c 7894      		sei
 288               	 ;  0 "" 2
 289               	/* #NOAPP */
 290               	.L8:
  51:/home/cdm/Desktop/AVR/Timer+Interrupt/main.c **** 
  52:/home/cdm/Desktop/AVR/Timer+Interrupt/main.c ****     while (1) {
  53:/home/cdm/Desktop/AVR/Timer+Interrupt/main.c ****         PORTB = 0x00;
 291               		.stabn	68,0,53,.LM23-.LFBB6
 292               	.LM23:
 293 000e 15B8      		out 0x5,__zero_reg__
  54:/home/cdm/Desktop/AVR/Timer+Interrupt/main.c **** 
  55:/home/cdm/Desktop/AVR/Timer+Interrupt/main.c ****         if(Timer_flag){
 294               		.stabn	68,0,55,.LM24-.LFBB6
 295               	.LM24:
 296 0010 8091 0000 		lds r24,Timer_flag
 297 0014 8823      		tst r24
 298 0016 01F0      		breq .L7
  56:/home/cdm/Desktop/AVR/Timer+Interrupt/main.c ****             Timer_flag = 0; // íƒ€ì´ë¨¸ ì¸í„°ëŸ½íŠ¸ ìƒíƒœ ì´ˆê¸°í™”
 299               		.stabn	68,0,56,.LM25-.LFBB6
 300               	.LM25:
 301 0018 1092 0000 		sts Timer_flag,__zero_reg__
  57:/home/cdm/Desktop/AVR/Timer+Interrupt/main.c ****             PORTB |= LED;
 302               		.stabn	68,0,57,.LM26-.LFBB6
 303               	.LM26:
 304 001c 2D9A      		sbi 0x5,5
 305               	.L7:
  58:/home/cdm/Desktop/AVR/Timer+Interrupt/main.c ****             //_delay_ms(1000);
  59:/home/cdm/Desktop/AVR/Timer+Interrupt/main.c ****         }
  60:/home/cdm/Desktop/AVR/Timer+Interrupt/main.c ****            
  61:/home/cdm/Desktop/AVR/Timer+Interrupt/main.c ****         if ((input_value & BTN) == BTN) {  // ë²„íŠ¼ì´ ëˆŒë ¸ì„ ë•Œ
 306               		.stabn	68,0,61,.LM27-.LFBB6
 307               	.LM27:
 308 001e 189B      		sbis 0x3,0
 309 0020 00C0      		rjmp .L8
  62:/home/cdm/Desktop/AVR/Timer+Interrupt/main.c ****             PORTB = 0x00;
 310               		.stabn	68,0,62,.LM28-.LFBB6
 311               	.LM28:
 312 0022 15B8      		out 0x5,__zero_reg__
  63:/home/cdm/Desktop/AVR/Timer+Interrupt/main.c ****             PORTD |= (1 << PORTD2);  // PD2, INT0 ì¸í„°ëŸ½íŠ¸ ë°œìƒ
 313               		.stabn	68,0,63,.LM29-.LFBB6
 314               	.LM29:
 315 0024 5A9A      		sbi 0xb,2
  64:/home/cdm/Desktop/AVR/Timer+Interrupt/main.c ****             if(Switch_flag == 1){
 316               		.stabn	68,0,64,.LM30-.LFBB6
 317               	.LM30:
 318 0026 8091 0000 		lds r24,Switch_flag
 319 002a 8130      		cpi r24,lo8(1)
 320 002c 01F4      		brne .L9
  65:/home/cdm/Desktop/AVR/Timer+Interrupt/main.c ****                 Switch_flag = 0;  // ìƒíƒœ ì´ˆê¸°í™”
 321               		.stabn	68,0,65,.LM31-.LFBB6
 322               	.LM31:
 323 002e 1092 0000 		sts Switch_flag,__zero_reg__
  66:/home/cdm/Desktop/AVR/Timer+Interrupt/main.c ****                 PORTB |= RED;  // REDë§Œ ì¼œê¸°
 324               		.stabn	68,0,66,.LM32-.LFBB6
 325               	.LM32:
 326 0032 299A      		sbi 0x5,1
 327               	.LBB4:
 328               	.LBB5:
 329               		.stabs	"/usr/lib/avr/include/util/delay.h",132,0,0,.Ltext1
 330               	.Ltext1:
   1:/usr/lib/avr/include/util/delay.h **** /* Copyright (c) 2002, Marek Michalkiewicz
   2:/usr/lib/avr/include/util/delay.h ****    Copyright (c) 2004,2005,2007 Joerg Wunsch
   3:/usr/lib/avr/include/util/delay.h ****    Copyright (c) 2007  Florin-Viorel Petrov
   4:/usr/lib/avr/include/util/delay.h ****    All rights reserved.
   5:/usr/lib/avr/include/util/delay.h **** 
   6:/usr/lib/avr/include/util/delay.h ****    Redistribution and use in source and binary forms, with or without
   7:/usr/lib/avr/include/util/delay.h ****    modification, are permitted provided that the following conditions are met:
   8:/usr/lib/avr/include/util/delay.h **** 
   9:/usr/lib/avr/include/util/delay.h ****    * Redistributions of source code must retain the above copyright
  10:/usr/lib/avr/include/util/delay.h ****      notice, this list of conditions and the following disclaimer.
  11:/usr/lib/avr/include/util/delay.h **** 
  12:/usr/lib/avr/include/util/delay.h ****    * Redistributions in binary form must reproduce the above copyright
  13:/usr/lib/avr/include/util/delay.h ****      notice, this list of conditions and the following disclaimer in
  14:/usr/lib/avr/include/util/delay.h ****      the documentation and/or other materials provided with the
  15:/usr/lib/avr/include/util/delay.h ****      distribution.
  16:/usr/lib/avr/include/util/delay.h **** 
  17:/usr/lib/avr/include/util/delay.h ****    * Neither the name of the copyright holders nor the names of
  18:/usr/lib/avr/include/util/delay.h ****      contributors may be used to endorse or promote products derived
  19:/usr/lib/avr/include/util/delay.h ****      from this software without specific prior written permission.
  20:/usr/lib/avr/include/util/delay.h **** 
  21:/usr/lib/avr/include/util/delay.h ****   THIS SOFTWARE IS PROVIDED BY THE COPYRIGHT HOLDERS AND CONTRIBUTORS "AS IS"
  22:/usr/lib/avr/include/util/delay.h ****   AND ANY EXPRESS OR IMPLIED WARRANTIES, INCLUDING, BUT NOT LIMITED TO, THE
  23:/usr/lib/avr/include/util/delay.h ****   IMPLIED WARRANTIES OF MERCHANTABILITY AND FITNESS FOR A PARTICULAR PURPOSE
  24:/usr/lib/avr/include/util/delay.h ****   ARE DISCLAIMED. IN NO EVENT SHALL THE COPYRIGHT OWNER OR CONTRIBUTORS BE
  25:/usr/lib/avr/include/util/delay.h ****   LIABLE FOR ANY DIRECT, INDIRECT, INCIDENTAL, SPECIAL, EXEMPLARY, OR
  26:/usr/lib/avr/include/util/delay.h ****   CONSEQUENTIAL DAMAGES (INCLUDING, BUT NOT LIMITED TO, PROCUREMENT OF
  27:/usr/lib/avr/include/util/delay.h ****   SUBSTITUTE GOODS OR SERVICES; LOSS OF USE, DATA, OR PROFITS; OR BUSINESS
  28:/usr/lib/avr/include/util/delay.h ****   INTERRUPTION) HOWEVER CAUSED AND ON ANY THEORY OF LIABILITY, WHETHER IN
  29:/usr/lib/avr/include/util/delay.h ****   CONTRACT, STRICT LIABILITY, OR TORT (INCLUDING NEGLIGENCE OR OTHERWISE)
  30:/usr/lib/avr/include/util/delay.h ****   ARISING IN ANY WAY OUT OF THE USE OF THIS SOFTWARE, EVEN IF ADVISED OF THE
  31:/usr/lib/avr/include/util/delay.h ****   POSSIBILITY OF SUCH DAMAGE. */
  32:/usr/lib/avr/include/util/delay.h **** 
  33:/usr/lib/avr/include/util/delay.h **** /* $Id$ */
  34:/usr/lib/avr/include/util/delay.h **** 
  35:/usr/lib/avr/include/util/delay.h **** #ifndef _UTIL_DELAY_H_
  36:/usr/lib/avr/include/util/delay.h **** #define _UTIL_DELAY_H_ 1
  37:/usr/lib/avr/include/util/delay.h **** 
  38:/usr/lib/avr/include/util/delay.h **** #ifndef __DOXYGEN__
  39:/usr/lib/avr/include/util/delay.h **** #  ifndef __HAS_DELAY_CYCLES
  40:/usr/lib/avr/include/util/delay.h **** #    define __HAS_DELAY_CYCLES 1
  41:/usr/lib/avr/include/util/delay.h **** #  endif
  42:/usr/lib/avr/include/util/delay.h **** #endif  /* __DOXYGEN__ */
  43:/usr/lib/avr/include/util/delay.h **** 
  44:/usr/lib/avr/include/util/delay.h **** #include <inttypes.h>
  45:/usr/lib/avr/include/util/delay.h **** #include <util/delay_basic.h>
  46:/usr/lib/avr/include/util/delay.h **** #include <math.h>
  47:/usr/lib/avr/include/util/delay.h **** 
  48:/usr/lib/avr/include/util/delay.h **** /** \file */
  49:/usr/lib/avr/include/util/delay.h **** /** \defgroup util_delay <util/delay.h>: Convenience functions for busy-wait delay loops
  50:/usr/lib/avr/include/util/delay.h ****     \code
  51:/usr/lib/avr/include/util/delay.h ****     #define F_CPU 1000000UL  // 1 MHz
  52:/usr/lib/avr/include/util/delay.h ****     //#define F_CPU 14.7456E6
  53:/usr/lib/avr/include/util/delay.h ****     #include <util/delay.h>
  54:/usr/lib/avr/include/util/delay.h ****     \endcode
  55:/usr/lib/avr/include/util/delay.h **** 
  56:/usr/lib/avr/include/util/delay.h ****     \note As an alternative method, it is possible to pass the
  57:/usr/lib/avr/include/util/delay.h ****     F_CPU macro down to the compiler from the Makefile.
  58:/usr/lib/avr/include/util/delay.h ****     Obviously, in that case, no \c \#define statement should be
  59:/usr/lib/avr/include/util/delay.h ****     used.
  60:/usr/lib/avr/include/util/delay.h **** 
  61:/usr/lib/avr/include/util/delay.h ****     The functions in this header file are wrappers around the basic
  62:/usr/lib/avr/include/util/delay.h ****     busy-wait functions from <util/delay_basic.h>.  They are meant as
  63:/usr/lib/avr/include/util/delay.h ****     convenience functions where actual time values can be specified
  64:/usr/lib/avr/include/util/delay.h ****     rather than a number of cycles to wait for.  The idea behind is
  65:/usr/lib/avr/include/util/delay.h ****     that compile-time constant expressions will be eliminated by
  66:/usr/lib/avr/include/util/delay.h ****     compiler optimization so floating-point expressions can be used
  67:/usr/lib/avr/include/util/delay.h ****     to calculate the number of delay cycles needed based on the CPU
  68:/usr/lib/avr/include/util/delay.h ****     frequency passed by the macro F_CPU.
  69:/usr/lib/avr/include/util/delay.h **** 
  70:/usr/lib/avr/include/util/delay.h ****     \note In order for these functions to work as intended, compiler
  71:/usr/lib/avr/include/util/delay.h ****     optimizations <em>must</em> be enabled, and the delay time
  72:/usr/lib/avr/include/util/delay.h ****     <em>must</em> be an expression that is a known constant at
  73:/usr/lib/avr/include/util/delay.h ****     compile-time.  If these requirements are not met, the resulting
  74:/usr/lib/avr/include/util/delay.h ****     delay will be much longer (and basically unpredictable), and
  75:/usr/lib/avr/include/util/delay.h ****     applications that otherwise do not use floating-point calculations
  76:/usr/lib/avr/include/util/delay.h ****     will experience severe code bloat by the floating-point library
  77:/usr/lib/avr/include/util/delay.h ****     routines linked into the application.
  78:/usr/lib/avr/include/util/delay.h **** 
  79:/usr/lib/avr/include/util/delay.h ****     The functions available allow the specification of microsecond, and
  80:/usr/lib/avr/include/util/delay.h ****     millisecond delays directly, using the application-supplied macro
  81:/usr/lib/avr/include/util/delay.h ****     F_CPU as the CPU clock frequency (in Hertz).
  82:/usr/lib/avr/include/util/delay.h **** 
  83:/usr/lib/avr/include/util/delay.h **** */
  84:/usr/lib/avr/include/util/delay.h **** 
  85:/usr/lib/avr/include/util/delay.h **** #if !defined(__DOXYGEN__)
  86:/usr/lib/avr/include/util/delay.h **** static __inline__ void _delay_us(double __us) __attribute__((__always_inline__));
  87:/usr/lib/avr/include/util/delay.h **** static __inline__ void _delay_ms(double __ms) __attribute__((__always_inline__));
  88:/usr/lib/avr/include/util/delay.h **** #endif
  89:/usr/lib/avr/include/util/delay.h **** 
  90:/usr/lib/avr/include/util/delay.h **** #ifndef F_CPU
  91:/usr/lib/avr/include/util/delay.h **** /* prevent compiler error by supplying a default */
  92:/usr/lib/avr/include/util/delay.h **** # warning "F_CPU not defined for <util/delay.h>"
  93:/usr/lib/avr/include/util/delay.h **** /** \ingroup util_delay
  94:/usr/lib/avr/include/util/delay.h ****     \def F_CPU
  95:/usr/lib/avr/include/util/delay.h ****     \brief CPU frequency in Hz
  96:/usr/lib/avr/include/util/delay.h **** 
  97:/usr/lib/avr/include/util/delay.h ****     The macro F_CPU specifies the CPU frequency to be considered by
  98:/usr/lib/avr/include/util/delay.h ****     the delay macros.  This macro is normally supplied by the
  99:/usr/lib/avr/include/util/delay.h ****     environment (e.g. from within a project header, or the project's
 100:/usr/lib/avr/include/util/delay.h ****     Makefile).  The value 1 MHz here is only provided as a "vanilla"
 101:/usr/lib/avr/include/util/delay.h ****     fallback if no such user-provided definition could be found.
 102:/usr/lib/avr/include/util/delay.h **** 
 103:/usr/lib/avr/include/util/delay.h ****     In terms of the delay functions, the CPU frequency can be given as
 104:/usr/lib/avr/include/util/delay.h ****     a floating-point constant (e.g. 3.6864E6 for 3.6864 MHz).
 105:/usr/lib/avr/include/util/delay.h ****     However, the macros in <util/setbaud.h> require it to be an
 106:/usr/lib/avr/include/util/delay.h ****     integer value.
 107:/usr/lib/avr/include/util/delay.h ****  */
 108:/usr/lib/avr/include/util/delay.h **** # define F_CPU 1000000UL
 109:/usr/lib/avr/include/util/delay.h **** #endif
 110:/usr/lib/avr/include/util/delay.h **** 
 111:/usr/lib/avr/include/util/delay.h **** #ifndef __OPTIMIZE__
 112:/usr/lib/avr/include/util/delay.h **** # warning "Compiler optimizations disabled; functions from <util/delay.h> won't work as designed"
 113:/usr/lib/avr/include/util/delay.h **** #endif
 114:/usr/lib/avr/include/util/delay.h **** 
 115:/usr/lib/avr/include/util/delay.h **** #if __HAS_DELAY_CYCLES && defined(__OPTIMIZE__) && \
 116:/usr/lib/avr/include/util/delay.h ****   !defined(__DELAY_BACKWARD_COMPATIBLE__) &&	   \
 117:/usr/lib/avr/include/util/delay.h ****   __STDC_HOSTED__
 118:/usr/lib/avr/include/util/delay.h **** #  include <math.h>
 119:/usr/lib/avr/include/util/delay.h **** #endif
 120:/usr/lib/avr/include/util/delay.h **** 
 121:/usr/lib/avr/include/util/delay.h **** /**
 122:/usr/lib/avr/include/util/delay.h ****    \ingroup util_delay
 123:/usr/lib/avr/include/util/delay.h **** 
 124:/usr/lib/avr/include/util/delay.h ****    Perform a delay of \c __ms milliseconds, using _delay_loop_2().
 125:/usr/lib/avr/include/util/delay.h **** 
 126:/usr/lib/avr/include/util/delay.h ****    The macro F_CPU is supposed to be defined to a
 127:/usr/lib/avr/include/util/delay.h ****    constant defining the CPU clock frequency (in Hertz).
 128:/usr/lib/avr/include/util/delay.h **** 
 129:/usr/lib/avr/include/util/delay.h ****    The maximal possible delay is 262.14 ms / F_CPU in MHz.
 130:/usr/lib/avr/include/util/delay.h **** 
 131:/usr/lib/avr/include/util/delay.h ****    When the user request delay which exceed the maximum possible one,
 132:/usr/lib/avr/include/util/delay.h ****    _delay_ms() provides a decreased resolution functionality. In this
 133:/usr/lib/avr/include/util/delay.h ****    mode _delay_ms() will work with a resolution of 1/10 ms, providing
 134:/usr/lib/avr/include/util/delay.h ****    delays up to 6.5535 seconds (independent from CPU frequency).  The
 135:/usr/lib/avr/include/util/delay.h ****    user will not be informed about decreased resolution.
 136:/usr/lib/avr/include/util/delay.h **** 
 137:/usr/lib/avr/include/util/delay.h ****    If the avr-gcc toolchain has __builtin_avr_delay_cycles()
 138:/usr/lib/avr/include/util/delay.h ****    support, maximal possible delay is 4294967.295 ms/ F_CPU in MHz. For
 139:/usr/lib/avr/include/util/delay.h ****    values greater than the maximal possible delay, overflows results in
 140:/usr/lib/avr/include/util/delay.h ****    no delay i.e., 0ms.
 141:/usr/lib/avr/include/util/delay.h **** 
 142:/usr/lib/avr/include/util/delay.h ****    Conversion of \c __ms into clock cycles may not always result in
 143:/usr/lib/avr/include/util/delay.h ****    integer.  By default, the clock cycles rounded up to next
 144:/usr/lib/avr/include/util/delay.h ****    integer. This ensures that the user gets at least \c __ms
 145:/usr/lib/avr/include/util/delay.h ****    microseconds of delay.
 146:/usr/lib/avr/include/util/delay.h **** 
 147:/usr/lib/avr/include/util/delay.h ****    Alternatively, by defining the macro \c __DELAY_ROUND_DOWN__, or
 148:/usr/lib/avr/include/util/delay.h ****    \c __DELAY_ROUND_CLOSEST__, before including this header file, the
 149:/usr/lib/avr/include/util/delay.h ****    algorithm can be made to round down, or round to closest integer,
 150:/usr/lib/avr/include/util/delay.h ****    respectively.
 151:/usr/lib/avr/include/util/delay.h **** 
 152:/usr/lib/avr/include/util/delay.h ****    \note
 153:/usr/lib/avr/include/util/delay.h **** 
 154:/usr/lib/avr/include/util/delay.h ****    The implementation of _delay_ms() based on
 155:/usr/lib/avr/include/util/delay.h ****    __builtin_avr_delay_cycles() is not backward compatible with older
 156:/usr/lib/avr/include/util/delay.h ****    implementations.  In order to get functionality backward compatible
 157:/usr/lib/avr/include/util/delay.h ****    with previous versions, the macro \c "__DELAY_BACKWARD_COMPATIBLE__"
 158:/usr/lib/avr/include/util/delay.h ****    must be defined before including this header file. Also, the
 159:/usr/lib/avr/include/util/delay.h ****    backward compatible algorithm will be chosen if the code is
 160:/usr/lib/avr/include/util/delay.h ****    compiled in a <em>freestanding environment</em> (GCC option
 161:/usr/lib/avr/include/util/delay.h ****    \c -ffreestanding), as the math functions required for rounding are
 162:/usr/lib/avr/include/util/delay.h ****    not available to the compiler then.
 163:/usr/lib/avr/include/util/delay.h **** 
 164:/usr/lib/avr/include/util/delay.h ****  */
 165:/usr/lib/avr/include/util/delay.h **** void
 166:/usr/lib/avr/include/util/delay.h **** _delay_ms(double __ms)
 167:/usr/lib/avr/include/util/delay.h **** {
 168:/usr/lib/avr/include/util/delay.h **** 	double __tmp ;
 169:/usr/lib/avr/include/util/delay.h **** #if __HAS_DELAY_CYCLES && defined(__OPTIMIZE__) && \
 170:/usr/lib/avr/include/util/delay.h ****   !defined(__DELAY_BACKWARD_COMPATIBLE__) &&	   \
 171:/usr/lib/avr/include/util/delay.h ****   __STDC_HOSTED__
 172:/usr/lib/avr/include/util/delay.h **** 	uint32_t __ticks_dc;
 173:/usr/lib/avr/include/util/delay.h **** 	extern void __builtin_avr_delay_cycles(unsigned long);
 174:/usr/lib/avr/include/util/delay.h **** 	__tmp = ((F_CPU) / 1e3) * __ms;
 175:/usr/lib/avr/include/util/delay.h **** 
 176:/usr/lib/avr/include/util/delay.h **** 	#if defined(__DELAY_ROUND_DOWN__)
 177:/usr/lib/avr/include/util/delay.h **** 		__ticks_dc = (uint32_t)fabs(__tmp);
 178:/usr/lib/avr/include/util/delay.h **** 
 179:/usr/lib/avr/include/util/delay.h **** 	#elif defined(__DELAY_ROUND_CLOSEST__)
 180:/usr/lib/avr/include/util/delay.h **** 		__ticks_dc = (uint32_t)(fabs(__tmp)+0.5);
 181:/usr/lib/avr/include/util/delay.h **** 
 182:/usr/lib/avr/include/util/delay.h **** 	#else
 183:/usr/lib/avr/include/util/delay.h **** 		//round up by default
 184:/usr/lib/avr/include/util/delay.h **** 		__ticks_dc = (uint32_t)(ceil(fabs(__tmp)));
 185:/usr/lib/avr/include/util/delay.h **** 	#endif
 186:/usr/lib/avr/include/util/delay.h **** 
 187:/usr/lib/avr/include/util/delay.h **** 	__builtin_avr_delay_cycles(__ticks_dc);
 331               		.stabn	68,0,187,.LM33-.LFBB6
 332               	.LM33:
 333 0034 2FEF      		ldi r18,lo8(3199999)
 334 0036 83ED      		ldi r24,hi8(3199999)
 335 0038 90E3      		ldi r25,hlo8(3199999)
 336 003a 2150      	1:	subi r18,1
 337 003c 8040      		sbci r24,0
 338 003e 9040      		sbci r25,0
 339 0040 01F4      		brne 1b
 340 0042 00C0      		rjmp .
 341 0044 0000      		nop
 342               	.L9:
 343               	.LBE5:
 344               	.LBE4:
 345               		.stabs	"/home/cdm/Desktop/AVR/Timer+Interrupt/main.c",132,0,0,.Ltext2
 346               	.Ltext2:
  67:/home/cdm/Desktop/AVR/Timer+Interrupt/main.c ****                 _delay_ms(1000);
  68:/home/cdm/Desktop/AVR/Timer+Interrupt/main.c ****             }
  69:/home/cdm/Desktop/AVR/Timer+Interrupt/main.c ****             PORTD &= ~(1 << PORTD2);  // PD2, INT0 ë‹¤ì‹œ LOWë¡œ ì„¤ì •
 347               		.stabn	68,0,69,.LM34-.LFBB6
 348               	.LM34:
 349 0046 5A98      		cbi 0xb,2
  70:/home/cdm/Desktop/AVR/Timer+Interrupt/main.c ****             Switch_flag = 0;  // ìŠ¤ìœ„ì¹˜ ì¸í„°ëŸ½íŠ¸ ìƒíƒœ ì´ˆê¸°í™”
 350               		.stabn	68,0,70,.LM35-.LFBB6
 351               	.LM35:
 352 0048 1092 0000 		sts Switch_flag,__zero_reg__
 353 004c 00C0      		rjmp .L8
 354               		.size	main, .-main
 355               	.Lscope6:
 356               		.stabs	"",36,0,0,.Lscope6-.LFBB6
 357               		.stabd	78,0,0
 358               	.global	Timer_flag
 359               		.section .bss
 360               		.type	Timer_flag, @object
 361               		.size	Timer_flag, 1
 362               	Timer_flag:
 363 0000 00        		.zero	1
 364               	.global	Switch_flag
 365               		.type	Switch_flag, @object
 366               		.size	Switch_flag, 1
 367               	Switch_flag:
 368 0001 00        		.zero	1
 369               		.stabs	"Switch_flag:G(0,50)=B(0,13)",32,0,15,0
 370               		.stabs	"Timer_flag:G(0,50)",32,0,16,0
 371               		.text
 372               		.stabs	"",100,0,0,.Letext0
 373               	.Letext0:
 374               		.ident	"GCC: (GNU) 5.4.0"
 375               	.global __do_clear_bss
DEFINED SYMBOLS
                            *ABS*:0000000000000000 main.c
     /tmp/ccJYBMp4.s:2      *ABS*:000000000000003e __SP_H__
     /tmp/ccJYBMp4.s:3      *ABS*:000000000000003d __SP_L__
     /tmp/ccJYBMp4.s:4      *ABS*:000000000000003f __SREG__
     /tmp/ccJYBMp4.s:5      *ABS*:0000000000000000 __tmp_reg__
     /tmp/ccJYBMp4.s:6      *ABS*:0000000000000001 __zero_reg__
     /tmp/ccJYBMp4.s:107    .text:0000000000000000 setup
     /tmp/ccJYBMp4.s:135    .text:000000000000000c Timer1_init
     /tmp/ccJYBMp4.s:169    .text:000000000000002a EXTINT_init
     /tmp/ccJYBMp4.s:194    .text:0000000000000036 __vector_1
     /tmp/ccJYBMp4.s:367    .bss:0000000000000001 Switch_flag
     /tmp/ccJYBMp4.s:229    .text:0000000000000054 __vector_11
     /tmp/ccJYBMp4.s:362    .bss:0000000000000000 Timer_flag
     /tmp/ccJYBMp4.s:265    .text.startup:0000000000000000 main

UNDEFINED SYMBOLS
__do_clear_bss
