   1               		.file	"main.c"
   2               	__SP_H__ = 0x3e
   3               	__SP_L__ = 0x3d
   4               	__SREG__ = 0x3f
   5               	__tmp_reg__ = 0
   6               	__zero_reg__ = 1
   7               		.stabs	"/home/cdm/Desktop/",100,0,2,.Ltext0
   8               		.stabs	"/home/cdm/Desktop/AVR/Serial_2/main.c",100,0,2,.Ltext0
   9               		.text
  10               	.Ltext0:
  11               		.stabs	"gcc2_compiled.",60,0,0,0
  12               		.stabs	"int:t(0,1)=r(0,1);-32768;32767;",128,0,0,0
  13               		.stabs	"char:t(0,2)=r(0,2);0;127;",128,0,0,0
  14               		.stabs	"long int:t(0,3)=@s32;r(0,3);020000000000;017777777777;",128,0,0,0
  15               		.stabs	"unsigned int:t(0,4)=r(0,4);0;0177777;",128,0,0,0
  16               		.stabs	"long unsigned int:t(0,5)=@s32;r(0,5);0;037777777777;",128,0,0,0
  17               		.stabs	"__int128:t(0,6)=@s128;r(0,6);02000000000000000000000000000000000000000000;0177777777777777
  18               		.stabs	"__int128 unsigned:t(0,7)=@s128;r(0,7);0;03777777777777777777777777777777777777777777;",128
  19               		.stabs	"long long int:t(0,8)=@s64;r(0,8);01000000000000000000000;00777777777777777777777;",128,0,0
  20               		.stabs	"long long unsigned int:t(0,9)=@s64;r(0,9);0;01777777777777777777777;",128,0,0,0
  21               		.stabs	"short int:t(0,10)=r(0,10);-32768;32767;",128,0,0,0
  22               		.stabs	"short unsigned int:t(0,11)=r(0,11);0;0177777;",128,0,0,0
  23               		.stabs	"signed char:t(0,12)=@s8;r(0,12);-128;127;",128,0,0,0
  24               		.stabs	"unsigned char:t(0,13)=@s8;r(0,13);0;255;",128,0,0,0
  25               		.stabs	"float:t(0,14)=r(0,1);4;0;",128,0,0,0
  26               		.stabs	"double:t(0,15)=r(0,1);4;0;",128,0,0,0
  27               		.stabs	"long double:t(0,16)=r(0,1);4;0;",128,0,0,0
  28               		.stabs	"short _Fract:t(0,17)=r(0,1);1;0;",128,0,0,0
  29               		.stabs	"_Fract:t(0,18)=r(0,1);2;0;",128,0,0,0
  30               		.stabs	"long _Fract:t(0,19)=r(0,1);4;0;",128,0,0,0
  31               		.stabs	"long long _Fract:t(0,20)=r(0,1);8;0;",128,0,0,0
  32               		.stabs	"unsigned short _Fract:t(0,21)=r(0,1);1;0;",128,0,0,0
  33               		.stabs	"unsigned _Fract:t(0,22)=r(0,1);2;0;",128,0,0,0
  34               		.stabs	"unsigned long _Fract:t(0,23)=r(0,1);4;0;",128,0,0,0
  35               		.stabs	"unsigned long long _Fract:t(0,24)=r(0,1);8;0;",128,0,0,0
  36               		.stabs	"_Sat short _Fract:t(0,25)=r(0,1);1;0;",128,0,0,0
  37               		.stabs	"_Sat _Fract:t(0,26)=r(0,1);2;0;",128,0,0,0
  38               		.stabs	"_Sat long _Fract:t(0,27)=r(0,1);4;0;",128,0,0,0
  39               		.stabs	"_Sat long long _Fract:t(0,28)=r(0,1);8;0;",128,0,0,0
  40               		.stabs	"_Sat unsigned short _Fract:t(0,29)=r(0,1);1;0;",128,0,0,0
  41               		.stabs	"_Sat unsigned _Fract:t(0,30)=r(0,1);2;0;",128,0,0,0
  42               		.stabs	"_Sat unsigned long _Fract:t(0,31)=r(0,1);4;0;",128,0,0,0
  43               		.stabs	"_Sat unsigned long long _Fract:t(0,32)=r(0,1);8;0;",128,0,0,0
  44               		.stabs	"short _Accum:t(0,33)=r(0,1);2;0;",128,0,0,0
  45               		.stabs	"_Accum:t(0,34)=r(0,1);4;0;",128,0,0,0
  46               		.stabs	"long _Accum:t(0,35)=r(0,1);8;0;",128,0,0,0
  47               		.stabs	"long long _Accum:t(0,36)=r(0,1);8;0;",128,0,0,0
  48               		.stabs	"unsigned short _Accum:t(0,37)=r(0,1);2;0;",128,0,0,0
  49               		.stabs	"unsigned _Accum:t(0,38)=r(0,1);4;0;",128,0,0,0
  50               		.stabs	"unsigned long _Accum:t(0,39)=r(0,1);8;0;",128,0,0,0
  51               		.stabs	"unsigned long long _Accum:t(0,40)=r(0,1);8;0;",128,0,0,0
  52               		.stabs	"_Sat short _Accum:t(0,41)=r(0,1);2;0;",128,0,0,0
  53               		.stabs	"_Sat _Accum:t(0,42)=r(0,1);4;0;",128,0,0,0
  54               		.stabs	"_Sat long _Accum:t(0,43)=r(0,1);8;0;",128,0,0,0
  55               		.stabs	"_Sat long long _Accum:t(0,44)=r(0,1);8;0;",128,0,0,0
  56               		.stabs	"_Sat unsigned short _Accum:t(0,45)=r(0,1);2;0;",128,0,0,0
  57               		.stabs	"_Sat unsigned _Accum:t(0,46)=r(0,1);4;0;",128,0,0,0
  58               		.stabs	"_Sat unsigned long _Accum:t(0,47)=r(0,1);8;0;",128,0,0,0
  59               		.stabs	"_Sat unsigned long long _Accum:t(0,48)=r(0,1);8;0;",128,0,0,0
  60               		.stabs	"void:t(0,49)=(0,49)",128,0,0,0
  61               		.stabs	"/usr/lib/avr/include/avr/io.h",130,0,0,0
  62               		.stabs	"/usr/lib/avr/include/avr/sfr_defs.h",130,0,0,0
  63               		.stabs	"/usr/lib/avr/include/inttypes.h",130,0,0,0
  64               		.stabs	"/usr/lib/gcc/avr/5.4.0/include/stdint.h",130,0,0,0
  65               		.stabs	"/usr/lib/avr/include/stdint.h",130,0,0,0
  66               		.stabs	"int8_t:t(5,1)=(0,12)",128,0,125,0
  67               		.stabs	"uint8_t:t(5,2)=(0,13)",128,0,126,0
  68               		.stabs	"int16_t:t(5,3)=(0,1)",128,0,127,0
  69               		.stabs	"uint16_t:t(5,4)=(0,4)",128,0,128,0
  70               		.stabs	"int32_t:t(5,5)=(0,3)",128,0,129,0
  71               		.stabs	"uint32_t:t(5,6)=(0,5)",128,0,130,0
  72               		.stabs	"int64_t:t(5,7)=(0,8)",128,0,132,0
  73               		.stabs	"uint64_t:t(5,8)=(0,9)",128,0,133,0
  74               		.stabs	"intptr_t:t(5,9)=(5,3)",128,0,146,0
  75               		.stabs	"uintptr_t:t(5,10)=(5,4)",128,0,151,0
  76               		.stabs	"int_least8_t:t(5,11)=(5,1)",128,0,163,0
  77               		.stabs	"uint_least8_t:t(5,12)=(5,2)",128,0,168,0
  78               		.stabs	"int_least16_t:t(5,13)=(5,3)",128,0,173,0
  79               		.stabs	"uint_least16_t:t(5,14)=(5,4)",128,0,178,0
  80               		.stabs	"int_least32_t:t(5,15)=(5,5)",128,0,183,0
  81               		.stabs	"uint_least32_t:t(5,16)=(5,6)",128,0,188,0
  82               		.stabs	"int_least64_t:t(5,17)=(5,7)",128,0,196,0
  83               		.stabs	"uint_least64_t:t(5,18)=(5,8)",128,0,203,0
  84               		.stabs	"int_fast8_t:t(5,19)=(5,1)",128,0,217,0
  85               		.stabs	"uint_fast8_t:t(5,20)=(5,2)",128,0,222,0
  86               		.stabs	"int_fast16_t:t(5,21)=(5,3)",128,0,227,0
  87               		.stabs	"uint_fast16_t:t(5,22)=(5,4)",128,0,232,0
  88               		.stabs	"int_fast32_t:t(5,23)=(5,5)",128,0,237,0
  89               		.stabs	"uint_fast32_t:t(5,24)=(5,6)",128,0,242,0
  90               		.stabs	"int_fast64_t:t(5,25)=(5,7)",128,0,250,0
  91               		.stabs	"uint_fast64_t:t(5,26)=(5,8)",128,0,257,0
  92               		.stabs	"intmax_t:t(5,27)=(5,7)",128,0,277,0
  93               		.stabs	"uintmax_t:t(5,28)=(5,8)",128,0,282,0
  94               		.stabn	162,0,0,0
  95               		.stabn	162,0,0,0
  96               		.stabs	"int_farptr_t:t(3,1)=(5,5)",128,0,77,0
  97               		.stabs	"uint_farptr_t:t(3,2)=(5,6)",128,0,81,0
  98               		.stabn	162,0,0,0
  99               		.stabn	162,0,0,0
 100               		.stabs	"/usr/lib/avr/include/avr/fuse.h",130,0,0,0
 101               		.stabs	"__fuse_t:t(6,1)=(6,2)=s3low:(0,13),0,8;high:(0,13),8,8;extended:(0,13),16,8;;",128,0,244,0
 102               		.stabn	162,0,0,0
 103               		.stabn	162,0,0,0
 104               		.stabs	"setup:F(0,49)",36,0,13,setup
 105               	.global	setup
 106               		.type	setup, @function
 107               	setup:
 108               		.stabd	46,0,0
   1:/home/cdm/Desktop/AVR/Serial_2/main.c **** #ifndef F_CPU
   2:/home/cdm/Desktop/AVR/Serial_2/main.c **** #define F_CPU 16000000UL
   3:/home/cdm/Desktop/AVR/Serial_2/main.c **** #endif
   4:/home/cdm/Desktop/AVR/Serial_2/main.c **** #include <avr/io.h>
   5:/home/cdm/Desktop/AVR/Serial_2/main.c **** 
   6:/home/cdm/Desktop/AVR/Serial_2/main.c **** #define BTN 0x01
   7:/home/cdm/Desktop/AVR/Serial_2/main.c **** #define RED 0x02	// D9, PB1
   8:/home/cdm/Desktop/AVR/Serial_2/main.c **** #define GREEN 0x04	// D10, PB2
   9:/home/cdm/Desktop/AVR/Serial_2/main.c **** #define BLUE 0x08	// D11, PB3
  10:/home/cdm/Desktop/AVR/Serial_2/main.c **** #define LED 0x20    // D13, PB5
  11:/home/cdm/Desktop/AVR/Serial_2/main.c **** #define input_value PINB
  12:/home/cdm/Desktop/AVR/Serial_2/main.c **** 
  13:/home/cdm/Desktop/AVR/Serial_2/main.c **** void setup() {
 109               		.stabn	68,0,13,.LM0-.LFBB1
 110               	.LM0:
 111               	.LFBB1:
 112               	/* prologue: function */
 113               	/* frame size = 0 */
 114               	/* stack size = 0 */
 115               	.L__stack_usage = 0
  14:/home/cdm/Desktop/AVR/Serial_2/main.c **** 	DDRB = 0xFF;    
 116               		.stabn	68,0,14,.LM1-.LFBB1
 117               	.LM1:
 118 0000 8FEF      		ldi r24,lo8(-1)
 119 0002 84B9      		out 0x4,r24
  15:/home/cdm/Desktop/AVR/Serial_2/main.c **** 	PORTB = 0x00;   
 120               		.stabn	68,0,15,.LM2-.LFBB1
 121               	.LM2:
 122 0004 15B8      		out 0x5,__zero_reg__
  16:/home/cdm/Desktop/AVR/Serial_2/main.c **** 
  17:/home/cdm/Desktop/AVR/Serial_2/main.c **** 	DDRD = 0x02;    // PD0 = RXD 로 입력 설정, PD1 = TXD 로 출력 설정
 123               		.stabn	68,0,17,.LM3-.LFBB1
 124               	.LM3:
 125 0006 92E0      		ldi r25,lo8(2)
 126 0008 9AB9      		out 0xa,r25
  18:/home/cdm/Desktop/AVR/Serial_2/main.c **** 	PORTD = 0xFF;   // 포트 초기화
 127               		.stabn	68,0,18,.LM4-.LFBB1
 128               	.LM4:
 129 000a 8BB9      		out 0xb,r24
 130 000c 0895      		ret
 131               		.size	setup, .-setup
 132               	.Lscope1:
 133               		.stabs	"",36,0,0,.Lscope1-.LFBB1
 134               		.stabd	78,0,0
 135               		.stabs	"USART0_init:F(0,49)",36,0,21,USART0_init
 136               	.global	USART0_init
 137               		.type	USART0_init, @function
 138               	USART0_init:
 139               		.stabd	46,0,0
  19:/home/cdm/Desktop/AVR/Serial_2/main.c **** }
  20:/home/cdm/Desktop/AVR/Serial_2/main.c **** 
  21:/home/cdm/Desktop/AVR/Serial_2/main.c **** void USART0_init(void){
 140               		.stabn	68,0,21,.LM5-.LFBB2
 141               	.LM5:
 142               	.LFBB2:
 143               	/* prologue: function */
 144               	/* frame size = 0 */
 145               	/* stack size = 0 */
 146               	.L__stack_usage = 0
  22:/home/cdm/Desktop/AVR/Serial_2/main.c **** 	UBRR0H = 0x00;	// USART Baud Rate Register High, 9600 baud rate
 147               		.stabn	68,0,22,.LM6-.LFBB2
 148               	.LM6:
 149 000e 1092 C500 		sts 197,__zero_reg__
  23:/home/cdm/Desktop/AVR/Serial_2/main.c **** 	UBRR0L = 103;	// USART Baud Rate Register Low, 9600 baud rate
 150               		.stabn	68,0,23,.LM7-.LFBB2
 151               	.LM7:
 152 0012 87E6      		ldi r24,lo8(103)
 153 0014 8093 C400 		sts 196,r24
  24:/home/cdm/Desktop/AVR/Serial_2/main.c **** 	
  25:/home/cdm/Desktop/AVR/Serial_2/main.c **** 	UCSR0A = 0x20;	// 0b00100000, USART Data Reister Empty, 초기화시 비어있음.
 154               		.stabn	68,0,25,.LM8-.LFBB2
 155               	.LM8:
 156 0018 80E2      		ldi r24,lo8(32)
 157 001a 8093 C000 		sts 192,r24
  26:/home/cdm/Desktop/AVR/Serial_2/main.c **** 	UCSR0B = 0x18;	// 0b00011000, RXEN TXEN '1' 설정 및 UCSZ02 '0' 설정
 158               		.stabn	68,0,26,.LM9-.LFBB2
 159               	.LM9:
 160 001e 88E1      		ldi r24,lo8(24)
 161 0020 8093 C100 		sts 193,r24
  27:/home/cdm/Desktop/AVR/Serial_2/main.c **** 	UCSR0C = 0x06;	// 0b00000110, UCSZ01, UCSZ00 '1' 설정
 162               		.stabn	68,0,27,.LM10-.LFBB2
 163               	.LM10:
 164 0024 86E0      		ldi r24,lo8(6)
 165 0026 8093 C200 		sts 194,r24
 166 002a 0895      		ret
 167               		.size	USART0_init, .-USART0_init
 168               	.Lscope2:
 169               		.stabs	"",36,0,0,.Lscope2-.LFBB2
 170               		.stabd	78,0,0
 171               		.stabs	"USART0_send:F(0,49)",36,0,31,USART0_send
 172               		.stabs	"Data:P(0,13)",64,0,31,24
 173               	.global	USART0_send
 174               		.type	USART0_send, @function
 175               	USART0_send:
 176               		.stabd	46,0,0
  28:/home/cdm/Desktop/AVR/Serial_2/main.c **** 	///////////// 한 번에 8bit를 보내야 함 {UCSZ02, UCSZ01, UCSZ00} = {0, 1, 1} 설정, 쓰게
  29:/home/cdm/Desktop/AVR/Serial_2/main.c **** }
  30:/home/cdm/Desktop/AVR/Serial_2/main.c **** 
  31:/home/cdm/Desktop/AVR/Serial_2/main.c **** void USART0_send(unsigned char Data){
 177               		.stabn	68,0,31,.LM11-.LFBB3
 178               	.LM11:
 179               	.LFBB3:
 180               	/* prologue: function */
 181               	/* frame size = 0 */
 182               	/* stack size = 0 */
 183               	.L__stack_usage = 0
 184               	.L4:
  32:/home/cdm/Desktop/AVR/Serial_2/main.c **** 	while(!( UCSR0A & (1<<UDRE0)) );	// while(!(UCSR0A & 0x20));, 데이터가 빌 때까지 대기
 185               		.stabn	68,0,32,.LM12-.LFBB3
 186               	.LM12:
 187 002c 9091 C000 		lds r25,192
 188 0030 95FF      		sbrs r25,5
 189 0032 00C0      		rjmp .L4
  33:/home/cdm/Desktop/AVR/Serial_2/main.c **** 	UDR0 = Data;
 190               		.stabn	68,0,33,.LM13-.LFBB3
 191               	.LM13:
 192 0034 8093 C600 		sts 198,r24
 193 0038 0895      		ret
 194               		.size	USART0_send, .-USART0_send
 195               	.Lscope3:
 196               		.stabs	"",36,0,0,.Lscope3-.LFBB3
 197               		.stabd	78,0,0
 198               		.stabs	"USART0_read:F(0,13)",36,0,36,USART0_read
 199               	.global	USART0_read
 200               		.type	USART0_read, @function
 201               	USART0_read:
 202               		.stabd	46,0,0
  34:/home/cdm/Desktop/AVR/Serial_2/main.c **** }
  35:/home/cdm/Desktop/AVR/Serial_2/main.c **** 
  36:/home/cdm/Desktop/AVR/Serial_2/main.c **** unsigned char USART0_read(){
 203               		.stabn	68,0,36,.LM14-.LFBB4
 204               	.LM14:
 205               	.LFBB4:
 206               	/* prologue: function */
 207               	/* frame size = 0 */
 208               	/* stack size = 0 */
 209               	.L__stack_usage = 0
 210               	.L9:
  37:/home/cdm/Desktop/AVR/Serial_2/main.c ****     while(!( UCSR0A & (1<<RXC0)) );		// 데이터가 올 때까지
 211               		.stabn	68,0,37,.LM15-.LFBB4
 212               	.LM15:
 213 003a 8091 C000 		lds r24,192
 214 003e 87FF      		sbrs r24,7
 215 0040 00C0      		rjmp .L9
  38:/home/cdm/Desktop/AVR/Serial_2/main.c ****     return UDR0;    // 수신된 데이터 리턴
 216               		.stabn	68,0,38,.LM16-.LFBB4
 217               	.LM16:
 218 0042 8091 C600 		lds r24,198
  39:/home/cdm/Desktop/AVR/Serial_2/main.c **** }
 219               		.stabn	68,0,39,.LM17-.LFBB4
 220               	.LM17:
 221 0046 0895      		ret
 222               		.size	USART0_read, .-USART0_read
 223               	.Lscope4:
 224               		.stabs	"",36,0,0,.Lscope4-.LFBB4
 225               		.stabd	78,0,0
 226               		.stabs	"Timer1_init:F(0,49)",36,0,41,Timer1_init
 227               	.global	Timer1_init
 228               		.type	Timer1_init, @function
 229               	Timer1_init:
 230               		.stabd	46,0,0
  40:/home/cdm/Desktop/AVR/Serial_2/main.c **** 
  41:/home/cdm/Desktop/AVR/Serial_2/main.c **** void Timer1_init() {
 231               		.stabn	68,0,41,.LM18-.LFBB5
 232               	.LM18:
 233               	.LFBB5:
 234               	/* prologue: function */
 235               	/* frame size = 0 */
 236               	/* stack size = 0 */
 237               	.L__stack_usage = 0
  42:/home/cdm/Desktop/AVR/Serial_2/main.c **** 	TCCR1A = 0x00;        // WGM11, WGM10 -> 0
 238               		.stabn	68,0,42,.LM19-.LFBB5
 239               	.LM19:
 240 0048 1092 8000 		sts 128,__zero_reg__
  43:/home/cdm/Desktop/AVR/Serial_2/main.c **** 	TCCR1B = (1 << WGM12) | (1 << CS11) | (1 << CS10);  // WGM13, WGM12 -> 0100 (CTC 모드), CS12, CS
 241               		.stabn	68,0,43,.LM20-.LFBB5
 242               	.LM20:
 243 004c 8BE0      		ldi r24,lo8(11)
 244 004e 8093 8100 		sts 129,r24
  44:/home/cdm/Desktop/AVR/Serial_2/main.c **** 	OCR1A = 0x09C4;        // 0x09C4 = 2500 1ms, 16MHz / 64 / 2500 = 10Hz, 10ms 주기
 245               		.stabn	68,0,44,.LM21-.LFBB5
 246               	.LM21:
 247 0052 84EC      		ldi r24,lo8(-60)
 248 0054 99E0      		ldi r25,lo8(9)
 249 0056 9093 8900 		sts 136+1,r25
 250 005a 8093 8800 		sts 136,r24
 251 005e 0895      		ret
 252               		.size	Timer1_init, .-Timer1_init
 253               	.Lscope5:
 254               		.stabs	"",36,0,0,.Lscope5-.LFBB5
 255               		.stabd	78,0,0
 256               		.stabs	"Timer1_10ms_delay:F(0,49)",36,0,47,Timer1_10ms_delay
 257               	.global	Timer1_10ms_delay
 258               		.type	Timer1_10ms_delay, @function
 259               	Timer1_10ms_delay:
 260               		.stabd	46,0,0
  45:/home/cdm/Desktop/AVR/Serial_2/main.c **** }
  46:/home/cdm/Desktop/AVR/Serial_2/main.c **** 
  47:/home/cdm/Desktop/AVR/Serial_2/main.c **** void Timer1_10ms_delay() {
 261               		.stabn	68,0,47,.LM22-.LFBB6
 262               	.LM22:
 263               	.LFBB6:
 264               	/* prologue: function */
 265               	/* frame size = 0 */
 266               	/* stack size = 0 */
 267               	.L__stack_usage = 0
 268               	.L13:
  48:/home/cdm/Desktop/AVR/Serial_2/main.c **** 	while (!(TIFR1 & (1 << OCF1A)));
 269               		.stabn	68,0,48,.LM23-.LFBB6
 270               	.LM23:
 271 0060 B19B      		sbis 0x16,1
 272 0062 00C0      		rjmp .L13
  49:/home/cdm/Desktop/AVR/Serial_2/main.c **** 	TIFR1 |= (1 << OCF1A);  // Output Compare Flag 초기화
 273               		.stabn	68,0,49,.LM24-.LFBB6
 274               	.LM24:
 275 0064 B19A      		sbi 0x16,1
 276 0066 0895      		ret
 277               		.size	Timer1_10ms_delay, .-Timer1_10ms_delay
 278               	.Lscope6:
 279               		.stabs	"",36,0,0,.Lscope6-.LFBB6
 280               		.stabd	78,0,0
 281               		.stabs	"Timer1_100ms_delay:F(0,49)",36,0,52,Timer1_100ms_delay
 282               	.global	Timer1_100ms_delay
 283               		.type	Timer1_100ms_delay, @function
 284               	Timer1_100ms_delay:
 285               		.stabd	46,0,0
  50:/home/cdm/Desktop/AVR/Serial_2/main.c **** }
  51:/home/cdm/Desktop/AVR/Serial_2/main.c **** 
  52:/home/cdm/Desktop/AVR/Serial_2/main.c **** void Timer1_100ms_delay(){
 286               		.stabn	68,0,52,.LM25-.LFBB7
 287               	.LM25:
 288               	.LFBB7:
 289               	/* prologue: function */
 290               	/* frame size = 0 */
 291               	/* stack size = 0 */
 292               	.L__stack_usage = 0
 293               		.stabn	68,0,52,.LM26-.LFBB7
 294               	.LM26:
 295 0068 8AE0      		ldi r24,lo8(10)
 296               	.L17:
  53:/home/cdm/Desktop/AVR/Serial_2/main.c ****     unsigned char count = 0;
  54:/home/cdm/Desktop/AVR/Serial_2/main.c **** 	
  55:/home/cdm/Desktop/AVR/Serial_2/main.c **** 	count = 10;
  56:/home/cdm/Desktop/AVR/Serial_2/main.c **** 	while(count){
  57:/home/cdm/Desktop/AVR/Serial_2/main.c **** 		while (!(TIFR1 & (1 << OCF1A)));
 297               		.stabn	68,0,57,.LM27-.LFBB7
 298               	.LM27:
 299 006a B19B      		sbis 0x16,1
 300 006c 00C0      		rjmp .L17
  58:/home/cdm/Desktop/AVR/Serial_2/main.c **** 		TIFR1 |= (1 << OCF1A);  // Output Compare Flag 초기화
 301               		.stabn	68,0,58,.LM28-.LFBB7
 302               	.LM28:
 303 006e B19A      		sbi 0x16,1
 304 0070 8150      		subi r24,lo8(-(-1))
  56:/home/cdm/Desktop/AVR/Serial_2/main.c **** 		while (!(TIFR1 & (1 << OCF1A)));
 305               		.stabn	68,0,56,.LM29-.LFBB7
 306               	.LM29:
 307 0072 01F4      		brne .L17
 308               	/* epilogue start */
  59:/home/cdm/Desktop/AVR/Serial_2/main.c **** 		count--;
  60:/home/cdm/Desktop/AVR/Serial_2/main.c **** 	}
  61:/home/cdm/Desktop/AVR/Serial_2/main.c **** }
 309               		.stabn	68,0,61,.LM30-.LFBB7
 310               	.LM30:
 311 0074 0895      		ret
 312               		.size	Timer1_100ms_delay, .-Timer1_100ms_delay
 313               	.Lscope7:
 314               		.stabs	"",36,0,0,.Lscope7-.LFBB7
 315               		.stabd	78,0,0
 316               		.stabs	"Timer1_1s_delay:F(0,49)",36,0,63,Timer1_1s_delay
 317               	.global	Timer1_1s_delay
 318               		.type	Timer1_1s_delay, @function
 319               	Timer1_1s_delay:
 320               		.stabd	46,0,0
  62:/home/cdm/Desktop/AVR/Serial_2/main.c **** 
  63:/home/cdm/Desktop/AVR/Serial_2/main.c **** void Timer1_1s_delay(){
 321               		.stabn	68,0,63,.LM31-.LFBB8
 322               	.LM31:
 323               	.LFBB8:
 324               	/* prologue: function */
 325               	/* frame size = 0 */
 326               	/* stack size = 0 */
 327               	.L__stack_usage = 0
 328               		.stabn	68,0,63,.LM32-.LFBB8
 329               	.LM32:
 330 0076 84E6      		ldi r24,lo8(100)
 331               	.L23:
  64:/home/cdm/Desktop/AVR/Serial_2/main.c **** 	unsigned char count = 0;
  65:/home/cdm/Desktop/AVR/Serial_2/main.c **** 	
  66:/home/cdm/Desktop/AVR/Serial_2/main.c **** 	count = 100;
  67:/home/cdm/Desktop/AVR/Serial_2/main.c **** 	while(count){
  68:/home/cdm/Desktop/AVR/Serial_2/main.c **** 		while (!(TIFR1 & (1 << OCF1A)));
 332               		.stabn	68,0,68,.LM33-.LFBB8
 333               	.LM33:
 334 0078 B19B      		sbis 0x16,1
 335 007a 00C0      		rjmp .L23
  69:/home/cdm/Desktop/AVR/Serial_2/main.c **** 		TIFR1 |= (1 << OCF1A);  // Output Compare Flag 초기화
 336               		.stabn	68,0,69,.LM34-.LFBB8
 337               	.LM34:
 338 007c B19A      		sbi 0x16,1
 339 007e 8150      		subi r24,lo8(-(-1))
  67:/home/cdm/Desktop/AVR/Serial_2/main.c **** 		while (!(TIFR1 & (1 << OCF1A)));
 340               		.stabn	68,0,67,.LM35-.LFBB8
 341               	.LM35:
 342 0080 01F4      		brne .L23
 343               	/* epilogue start */
  70:/home/cdm/Desktop/AVR/Serial_2/main.c **** 		count--;
  71:/home/cdm/Desktop/AVR/Serial_2/main.c **** 	}
  72:/home/cdm/Desktop/AVR/Serial_2/main.c **** }
 344               		.stabn	68,0,72,.LM36-.LFBB8
 345               	.LM36:
 346 0082 0895      		ret
 347               		.size	Timer1_1s_delay, .-Timer1_1s_delay
 348               	.Lscope8:
 349               		.stabs	"",36,0,0,.Lscope8-.LFBB8
 350               		.stabd	78,0,0
 351               		.section	.text.startup,"ax",@progbits
 352               		.stabs	"main:F(0,1)",36,0,75,main
 353               	.global	main
 354               		.type	main, @function
 355               	main:
 356               		.stabd	46,0,0
  73:/home/cdm/Desktop/AVR/Serial_2/main.c **** 
  74:/home/cdm/Desktop/AVR/Serial_2/main.c **** //////////////////////////////////////////////////////////////////////////
  75:/home/cdm/Desktop/AVR/Serial_2/main.c **** int main(){
 357               		.stabn	68,0,75,.LM37-.LFBB9
 358               	.LM37:
 359               	.LFBB9:
 360               	/* prologue: function */
 361               	/* frame size = 0 */
 362               	/* stack size = 0 */
 363               	.L__stack_usage = 0
  76:/home/cdm/Desktop/AVR/Serial_2/main.c **** 	unsigned char Data;		// 전송할 문자를 저장하는 버퍼
  77:/home/cdm/Desktop/AVR/Serial_2/main.c **** 	
  78:/home/cdm/Desktop/AVR/Serial_2/main.c **** 	setup();
 364               		.stabn	68,0,78,.LM38-.LFBB9
 365               	.LM38:
 366 0000 0E94 0000 		call setup
  79:/home/cdm/Desktop/AVR/Serial_2/main.c **** 	USART0_init();
 367               		.stabn	68,0,79,.LM39-.LFBB9
 368               	.LM39:
 369 0004 0E94 0000 		call USART0_init
  80:/home/cdm/Desktop/AVR/Serial_2/main.c **** 	Timer1_init();
 370               		.stabn	68,0,80,.LM40-.LFBB9
 371               	.LM40:
 372 0008 0E94 0000 		call Timer1_init
  81:/home/cdm/Desktop/AVR/Serial_2/main.c **** 	Timer1_1s_delay();
 373               		.stabn	68,0,81,.LM41-.LFBB9
 374               	.LM41:
 375 000c 0E94 0000 		call Timer1_1s_delay
 376               	.L29:
  82:/home/cdm/Desktop/AVR/Serial_2/main.c **** 	
  83:/home/cdm/Desktop/AVR/Serial_2/main.c **** 	while(1){
  84:/home/cdm/Desktop/AVR/Serial_2/main.c ****         PORTB = 0x00;   // 다 끄기
 377               		.stabn	68,0,84,.LM42-.LFBB9
 378               	.LM42:
 379 0010 15B8      		out 0x5,__zero_reg__
  85:/home/cdm/Desktop/AVR/Serial_2/main.c **** 		Data = USART0_read();   // 데이터 수신
 380               		.stabn	68,0,85,.LM43-.LFBB9
 381               	.LM43:
 382 0012 0E94 0000 		call USART0_read
  86:/home/cdm/Desktop/AVR/Serial_2/main.c **** 
  87:/home/cdm/Desktop/AVR/Serial_2/main.c **** 		switch(Data){
 383               		.stabn	68,0,87,.LM44-.LFBB9
 384               	.LM44:
 385 0016 8234      		cpi r24,lo8(66)
 386 0018 01F0      		breq .L31
 387 001a 8334      		cpi r24,lo8(67)
 388 001c 01F0      		breq .L32
 389 001e 8134      		cpi r24,lo8(65)
 390 0020 01F4      		brne .L36
  88:/home/cdm/Desktop/AVR/Serial_2/main.c ****             // A를 입력 받으면 빨강
  89:/home/cdm/Desktop/AVR/Serial_2/main.c ****             case 'A':   PORTB |= RED;
 391               		.stabn	68,0,89,.LM45-.LFBB9
 392               	.LM45:
 393 0022 299A      		sbi 0x5,1
 394 0024 00C0      		rjmp .L38
 395               	.L31:
  90:/home/cdm/Desktop/AVR/Serial_2/main.c ****                 PORTB |=  LED;
  91:/home/cdm/Desktop/AVR/Serial_2/main.c ****                 Timer1_1s_delay();
  92:/home/cdm/Desktop/AVR/Serial_2/main.c ****                 break;
  93:/home/cdm/Desktop/AVR/Serial_2/main.c ****             // B를 입력 받으면 파랑
  94:/home/cdm/Desktop/AVR/Serial_2/main.c ****             case 'B':   PORTB |= BLUE;
 396               		.stabn	68,0,94,.LM46-.LFBB9
 397               	.LM46:
 398 0026 2B9A      		sbi 0x5,3
 399 0028 00C0      		rjmp .L38
 400               	.L32:
  95:/home/cdm/Desktop/AVR/Serial_2/main.c ****                 PORTB |=  LED;
  96:/home/cdm/Desktop/AVR/Serial_2/main.c ****                 Timer1_1s_delay();
  97:/home/cdm/Desktop/AVR/Serial_2/main.c ****                 break;
  98:/home/cdm/Desktop/AVR/Serial_2/main.c ****             // C를 입력 받으면 초록
  99:/home/cdm/Desktop/AVR/Serial_2/main.c ****             case 'C': PORTB |= GREEN;
 401               		.stabn	68,0,99,.LM47-.LFBB9
 402               	.LM47:
 403 002a 2A9A      		sbi 0x5,2
 404               	.L38:
 100:/home/cdm/Desktop/AVR/Serial_2/main.c ****                 PORTB |= LED;
 405               		.stabn	68,0,100,.LM48-.LFBB9
 406               	.LM48:
 407 002c 2D9A      		sbi 0x5,5
 101:/home/cdm/Desktop/AVR/Serial_2/main.c ****                 Timer1_1s_delay();
 408               		.stabn	68,0,101,.LM49-.LFBB9
 409               	.LM49:
 410 002e 0E94 0000 		call Timer1_1s_delay
 102:/home/cdm/Desktop/AVR/Serial_2/main.c ****                 break;
 103:/home/cdm/Desktop/AVR/Serial_2/main.c ****             default:    USART0_send('D');   // 입력 오류 전송
 104:/home/cdm/Desktop/AVR/Serial_2/main.c ****                 continue;
 105:/home/cdm/Desktop/AVR/Serial_2/main.c ****                 break;
 106:/home/cdm/Desktop/AVR/Serial_2/main.c ****         }
 107:/home/cdm/Desktop/AVR/Serial_2/main.c ****         USART0_send('E');   // 제어 완료 전송
 411               		.stabn	68,0,107,.LM50-.LFBB9
 412               	.LM50:
 413 0032 85E4      		ldi r24,lo8(69)
 414 0034 00C0      		rjmp .L37
 415               	.L36:
 103:/home/cdm/Desktop/AVR/Serial_2/main.c ****                 continue;
 416               		.stabn	68,0,103,.LM51-.LFBB9
 417               	.LM51:
 418 0036 84E4      		ldi r24,lo8(68)
 419               	.L37:
 420               		.stabn	68,0,107,.LM52-.LFBB9
 421               	.LM52:
 422 0038 0E94 0000 		call USART0_send
 423 003c 00C0      		rjmp .L29
 424               		.size	main, .-main
 425               		.stabs	"Data:r(0,13)",64,0,76,24
 426               		.stabn	192,0,0,.LFBB9-.LFBB9
 427               		.stabn	224,0,0,.Lscope9-.LFBB9
 428               	.Lscope9:
 429               		.stabs	"",36,0,0,.Lscope9-.LFBB9
 430               		.stabd	78,0,0
 431               		.text
 432               		.stabs	"",100,0,0,.Letext0
 433               	.Letext0:
 434               		.ident	"GCC: (GNU) 5.4.0"
DEFINED SYMBOLS
                            *ABS*:0000000000000000 main.c
     /tmp/cc0TOVlf.s:2      *ABS*:000000000000003e __SP_H__
     /tmp/cc0TOVlf.s:3      *ABS*:000000000000003d __SP_L__
     /tmp/cc0TOVlf.s:4      *ABS*:000000000000003f __SREG__
     /tmp/cc0TOVlf.s:5      *ABS*:0000000000000000 __tmp_reg__
     /tmp/cc0TOVlf.s:6      *ABS*:0000000000000001 __zero_reg__
     /tmp/cc0TOVlf.s:107    .text:0000000000000000 setup
     /tmp/cc0TOVlf.s:138    .text:000000000000000e USART0_init
     /tmp/cc0TOVlf.s:175    .text:000000000000002c USART0_send
     /tmp/cc0TOVlf.s:201    .text:000000000000003a USART0_read
     /tmp/cc0TOVlf.s:229    .text:0000000000000048 Timer1_init
     /tmp/cc0TOVlf.s:259    .text:0000000000000060 Timer1_10ms_delay
     /tmp/cc0TOVlf.s:284    .text:0000000000000068 Timer1_100ms_delay
     /tmp/cc0TOVlf.s:319    .text:0000000000000076 Timer1_1s_delay
     /tmp/cc0TOVlf.s:355    .text.startup:0000000000000000 main

NO UNDEFINED SYMBOLS
